  imgui_impl_dx11.cpp
  imgui_impl_win32.cpp
  imgui.cpp
  imgui_demo.cpp
  imgui_draw.cpp
  imgui_tables.cpp
  imgui_widgets.cpp
  RawNoise.cpp
  SmoothNoise.cpp
  tinyxml2.cpp
  AudioSystem.cpp
  Clock.cpp
  DevConsole.cpp
  EngineCommon.cpp
  ErrorWarningAssert.cpp
  EventSystem.cpp
  FileUtils.cpp
  HeatMaps.cpp
  Image.cpp
  JobSystem.cpp
  Generating Code...
  Compiling...
  NamedStrings.cpp
  ObjLoader.cpp
  RaycastUtils.cpp
  Rgba8.cpp
  StringUtils.cpp
  Time.cpp
  Timer.cpp
  VertexUtils.cpp
  Vertex_PCU.cpp
  XmlUtils.cpp
  AnalogJoystick.cpp
  InputSystem.cpp
  KeyButtonState.cpp
  XboxController.cpp
  AABB2.cpp
  AABB3.cpp
  Capsule2.cpp
  Capsule3.cpp
  EulerAngles.cpp
  FloatRange.cpp
  Generating Code...
  Compiling...
  IntRange.cpp
  IntVec2.cpp
  IntVec3.cpp
  LineSegment2.cpp
  LineSegment3.cpp
  Mat44.cpp
  MathUtils.cpp
D:\p4\Personal\SD\Engine\Code\Engine\Math\MathUtils.cpp(1137,15): warning C4244: '=': conversion from 'double' to 'float', possible loss of data
D:\p4\Personal\SD\Engine\Code\Engine\Math\MathUtils.cpp(1142,15): warning C4244: '=': conversion from 'double' to 'float', possible loss of data
  OBB2.cpp
  OBB3.cpp
  Plane3.cpp
  Quaternion.cpp
  RandomNumberGenerator.cpp
  Spline.cpp
  Vec2.cpp
  Vec3.cpp
  Vec4.cpp
  NetworkSystem.cpp
  BitmapFont.cpp
  Camera.cpp
  ConstantBuffer.cpp
  Generating Code...
  Compiling...
  CPUMesh.cpp
  DebugRender.cpp
  GPUMesh.cpp
  IndexBuffer.cpp
  Material.cpp
  Renderer.cpp
  Shader.cpp
  SpriteAnimDefinition.cpp
  SpriteDefinition.cpp
  SpriteSheet.cpp
  Texture.cpp
  VertexBuffer.cpp
  Button.cpp
  Canvas.cpp
  Checkbox.cpp
  Panel.cpp
  Slider.cpp
  Text.cpp
  UIElement.cpp
  UISystem.cpp
  Generating Code...
  Compiling...
  Window.cpp
  Generating Code...
  Engine.vcxproj -> D:\p4\Personal\SD\Doomenstein\Temporary\Engine_x64_Debug\Engine.lib
